Determining if the Q_WS_X11 exist failed with the following output:
Change Dir: /Users/spyros/Downloads/osrf-gazebo-222b5b368663/build/CMakeFiles/CMakeTmp

Run Build Command:/usr/bin/make "cmTryCompileExec2335350154/fast"
/usr/bin/make -f CMakeFiles/cmTryCompileExec2335350154.dir/build.make CMakeFiles/cmTryCompileExec2335350154.dir/build
/usr/local/Cellar/cmake/2.8.11.1/bin/cmake -E cmake_progress_report /Users/spyros/Downloads/osrf-gazebo-222b5b368663/build/CMakeFiles/CMakeTmp/CMakeFiles 1
Building CXX object CMakeFiles/cmTryCompileExec2335350154.dir/CheckSymbolExists.cxx.o
/usr/bin/c++    -I/usr/local/Cellar/qt/4.8.4/include -F/usr/local/Cellar/qt/4.8.4/lib    -o CMakeFiles/cmTryCompileExec2335350154.dir/CheckSymbolExists.cxx.o -c /Users/spyros/Downloads/osrf-gazebo-222b5b368663/build/CMakeFiles/CMakeTmp/CheckSymbolExists.cxx
/Users/spyros/Downloads/osrf-gazebo-222b5b368663/build/CMakeFiles/CMakeTmp/CheckSymbolExists.cxx:8:19: error: use of undeclared identifier 'Q_WS_X11'
  return ((int*)(&Q_WS_X11))[argc];
                  ^
1 error generated.
make[1]: *** [CMakeFiles/cmTryCompileExec2335350154.dir/CheckSymbolExists.cxx.o] Error 1
make: *** [cmTryCompileExec2335350154/fast] Error 2

File /Users/spyros/Downloads/osrf-gazebo-222b5b368663/build/CMakeFiles/CMakeTmp/CheckSymbolExists.cxx:
/* */
#include <QtCore/qglobal.h>

int main(int argc, char** argv)
{
  (void)argv;
#ifndef Q_WS_X11
  return ((int*)(&Q_WS_X11))[argc];
#else
  (void)argc;
  return 0;
#endif
}

Determining if the Q_WS_WIN exist failed with the following output:
Change Dir: /Users/spyros/Downloads/osrf-gazebo-222b5b368663/build/CMakeFiles/CMakeTmp

Run Build Command:/usr/bin/make "cmTryCompileExec2090287699/fast"
/usr/bin/make -f CMakeFiles/cmTryCompileExec2090287699.dir/build.make CMakeFiles/cmTryCompileExec2090287699.dir/build
/usr/local/Cellar/cmake/2.8.11.1/bin/cmake -E cmake_progress_report /Users/spyros/Downloads/osrf-gazebo-222b5b368663/build/CMakeFiles/CMakeTmp/CMakeFiles 1
Building CXX object CMakeFiles/cmTryCompileExec2090287699.dir/CheckSymbolExists.cxx.o
/usr/bin/c++    -I/usr/local/Cellar/qt/4.8.4/include -F/usr/local/Cellar/qt/4.8.4/lib    -o CMakeFiles/cmTryCompileExec2090287699.dir/CheckSymbolExists.cxx.o -c /Users/spyros/Downloads/osrf-gazebo-222b5b368663/build/CMakeFiles/CMakeTmp/CheckSymbolExists.cxx
/Users/spyros/Downloads/osrf-gazebo-222b5b368663/build/CMakeFiles/CMakeTmp/CheckSymbolExists.cxx:8:19: error: use of undeclared identifier 'Q_WS_WIN'
  return ((int*)(&Q_WS_WIN))[argc];
                  ^
1 error generated.
make[1]: *** [CMakeFiles/cmTryCompileExec2090287699.dir/CheckSymbolExists.cxx.o] Error 1
make: *** [cmTryCompileExec2090287699/fast] Error 2

File /Users/spyros/Downloads/osrf-gazebo-222b5b368663/build/CMakeFiles/CMakeTmp/CheckSymbolExists.cxx:
/* */
#include <QtCore/qglobal.h>

int main(int argc, char** argv)
{
  (void)argv;
#ifndef Q_WS_WIN
  return ((int*)(&Q_WS_WIN))[argc];
#else
  (void)argc;
  return 0;
#endif
}

Determining if the Q_WS_QWS exist failed with the following output:
Change Dir: /Users/spyros/Downloads/osrf-gazebo-222b5b368663/build/CMakeFiles/CMakeTmp

Run Build Command:/usr/bin/make "cmTryCompileExec3024896273/fast"
/usr/bin/make -f CMakeFiles/cmTryCompileExec3024896273.dir/build.make CMakeFiles/cmTryCompileExec3024896273.dir/build
/usr/local/Cellar/cmake/2.8.11.1/bin/cmake -E cmake_progress_report /Users/spyros/Downloads/osrf-gazebo-222b5b368663/build/CMakeFiles/CMakeTmp/CMakeFiles 1
Building CXX object CMakeFiles/cmTryCompileExec3024896273.dir/CheckSymbolExists.cxx.o
/usr/bin/c++    -I/usr/local/Cellar/qt/4.8.4/include -F/usr/local/Cellar/qt/4.8.4/lib    -o CMakeFiles/cmTryCompileExec3024896273.dir/CheckSymbolExists.cxx.o -c /Users/spyros/Downloads/osrf-gazebo-222b5b368663/build/CMakeFiles/CMakeTmp/CheckSymbolExists.cxx
/Users/spyros/Downloads/osrf-gazebo-222b5b368663/build/CMakeFiles/CMakeTmp/CheckSymbolExists.cxx:8:19: error: use of undeclared identifier 'Q_WS_QWS'
  return ((int*)(&Q_WS_QWS))[argc];
                  ^
1 error generated.
make[1]: *** [CMakeFiles/cmTryCompileExec3024896273.dir/CheckSymbolExists.cxx.o] Error 1
make: *** [cmTryCompileExec3024896273/fast] Error 2

File /Users/spyros/Downloads/osrf-gazebo-222b5b368663/build/CMakeFiles/CMakeTmp/CheckSymbolExists.cxx:
/* */
#include <QtCore/qglobal.h>

int main(int argc, char** argv)
{
  (void)argv;
#ifndef Q_WS_QWS
  return ((int*)(&Q_WS_QWS))[argc];
#else
  (void)argc;
  return 0;
#endif
}

Performing C++ SOURCE FILE Test HAVE_ISNANF failed with the following output:
Change Dir: /Users/spyros/Downloads/osrf-gazebo-222b5b368663/build/CMakeFiles/CMakeTmp

Run Build Command:/usr/bin/make "cmTryCompileExec3347704764/fast"
/usr/bin/make -f CMakeFiles/cmTryCompileExec3347704764.dir/build.make CMakeFiles/cmTryCompileExec3347704764.dir/build
/usr/local/Cellar/cmake/2.8.11.1/bin/cmake -E cmake_progress_report /Users/spyros/Downloads/osrf-gazebo-222b5b368663/build/CMakeFiles/CMakeTmp/CMakeFiles 1
Building CXX object CMakeFiles/cmTryCompileExec3347704764.dir/src.cxx.o
/usr/bin/c++    -s -O3 -DNDEBUG  -Wall -Wextra -Wno-long-long -Wno-unused-value -Wno-unused-value -Wno-unused-value -Wno-unused-value -Wfloat-equal -Wshadow -Winit-self -Wswitch-default -Wmissing-include-dirs -pedantic -msse -msse2 -mfpmath=sse -msse3 -mssse3  -DHAVE_ISNANF   -o CMakeFiles/cmTryCompileExec3347704764.dir/src.cxx.o -c /Users/spyros/Downloads/osrf-gazebo-222b5b368663/build/CMakeFiles/CMakeTmp/src.cxx
clang: warning: argument unused during compilation: '-s'
clang: warning: argument unused during compilation: '-mfpmath=sse'
/Users/spyros/Downloads/osrf-gazebo-222b5b368663/build/CMakeFiles/CMakeTmp/src.cxx:2:13: error: use of undeclared identifier 'isnanf'; did you mean 'nanf'?
int main() {isnanf(0); return 1;}
            ^~~~~~
            nanf
/usr/include/math.h:522:14: note: 'nanf' declared here
extern float nanf(const char *);
             ^
1 error generated.
make[1]: *** [CMakeFiles/cmTryCompileExec3347704764.dir/src.cxx.o] Error 1
make: *** [cmTryCompileExec3347704764/fast] Error 2

Source file was:
#include <math.h> 
int main() {isnanf(0); return 1;}
Determining if files malloc.h exist failed with the following output:
Change Dir: /Users/spyros/Downloads/osrf-gazebo-222b5b368663/build/CMakeFiles/CMakeTmp

Run Build Command:/usr/bin/make "cmTryCompileExec1712468850/fast"
/usr/bin/make -f CMakeFiles/cmTryCompileExec1712468850.dir/build.make CMakeFiles/cmTryCompileExec1712468850.dir/build
/usr/local/Cellar/cmake/2.8.11.1/bin/cmake -E cmake_progress_report /Users/spyros/Downloads/osrf-gazebo-222b5b368663/build/CMakeFiles/CMakeTmp/CMakeFiles 1
Building C object CMakeFiles/cmTryCompileExec1712468850.dir/CheckIncludeFiles.c.o
/usr/bin/cc   -s -O3 -DNDEBUG  -Wall -Wextra -Wno-long-long -Wno-unused-value -Wno-unused-value -Wno-unused-value -Wno-unused-value -Wfloat-equal -Wshadow -Winit-self -Wswitch-default -Wmissing-include-dirs -pedantic -msse -msse2 -mfpmath=sse -msse3 -mssse3     -o CMakeFiles/cmTryCompileExec1712468850.dir/CheckIncludeFiles.c.o   -c /Users/spyros/Downloads/osrf-gazebo-222b5b368663/build/CMakeFiles/CMakeTmp/CheckIncludeFiles.c
clang: warning: argument unused during compilation: '-s'
clang: warning: argument unused during compilation: '-mfpmath=sse'
/Users/spyros/Downloads/osrf-gazebo-222b5b368663/build/CMakeFiles/CMakeTmp/CheckIncludeFiles.c:2:10: fatal error: 'malloc.h' file not found
#include <malloc.h>
         ^
1 error generated.
make[1]: *** [CMakeFiles/cmTryCompileExec1712468850.dir/CheckIncludeFiles.c.o] Error 1
make: *** [cmTryCompileExec1712468850/fast] Error 2

Source:
/* */
#include <malloc.h>


int main(){return 0;}

Determining if files obstack.h exist failed with the following output:
Change Dir: /Users/spyros/Downloads/osrf-gazebo-222b5b368663/build/CMakeFiles/CMakeTmp

Run Build Command:/usr/bin/make "cmTryCompileExec2656137519/fast"
/usr/bin/make -f CMakeFiles/cmTryCompileExec2656137519.dir/build.make CMakeFiles/cmTryCompileExec2656137519.dir/build
/usr/local/Cellar/cmake/2.8.11.1/bin/cmake -E cmake_progress_report /Users/spyros/Downloads/osrf-gazebo-222b5b368663/build/CMakeFiles/CMakeTmp/CMakeFiles 1
Building C object CMakeFiles/cmTryCompileExec2656137519.dir/CheckIncludeFiles.c.o
/usr/bin/cc   -s -O3 -DNDEBUG  -Wall -Wextra -Wno-long-long -Wno-unused-value -Wno-unused-value -Wno-unused-value -Wno-unused-value -Wfloat-equal -Wshadow -Winit-self -Wswitch-default -Wmissing-include-dirs -pedantic -msse -msse2 -mfpmath=sse -msse3 -mssse3     -o CMakeFiles/cmTryCompileExec2656137519.dir/CheckIncludeFiles.c.o   -c /Users/spyros/Downloads/osrf-gazebo-222b5b368663/build/CMakeFiles/CMakeTmp/CheckIncludeFiles.c
clang: warning: argument unused during compilation: '-s'
clang: warning: argument unused during compilation: '-mfpmath=sse'
/Users/spyros/Downloads/osrf-gazebo-222b5b368663/build/CMakeFiles/CMakeTmp/CheckIncludeFiles.c:2:10: fatal error: 'obstack.h' file not found
#include <obstack.h>
         ^
1 error generated.
make[1]: *** [CMakeFiles/cmTryCompileExec2656137519.dir/CheckIncludeFiles.c.o] Error 1
make: *** [cmTryCompileExec2656137519/fast] Error 2

Source:
/* */
#include <obstack.h>


int main(){return 0;}

